<?xml version="1.0" encoding="UTF-8"?>
<!-- Generated by org.testng.reporters.JUnitReportReporter -->
<testsuite hostname="LAPTOP-19F1EONB" failures="0" tests="7" name="Com.TestCases.EnquiryPageTest" time="34.011" errors="0" timestamp="2024-04-12T19:48:20 IST" skipped="0">
  <testcase classname="Com.TestCases.EnquiryPageTest" name="EnquiryPageTest" time="4.786"/>
  <testcase classname="Com.TestCases.EnquiryPageTest" name="EnquiryPageTest" time="5.028"/>
  <testcase classname="Com.TestCases.EnquiryPageTest" name="EnquiryPageTest" time="4.829"/>
  <testcase classname="Com.TestCases.EnquiryPageTest" name="EnquiryPageTest" time="4.893"/>
  <testcase classname="Com.TestCases.EnquiryPageTest" name="EnquiryPageTest" time="5.335"/>
  <testcase classname="Com.TestCases.EnquiryPageTest" name="EnquiryPageTitleTest" time="4.654"/>
  <testcase classname="Com.TestCases.EnquiryPageTest" name="EnquiryPageLogo" time="4.486"/>
</testsuite> <!-- Com.TestCases.EnquiryPageTest -->
