<?xml version="1.0" encoding="UTF-8"?>
<!-- Generated by org.testng.reporters.JUnitReportReporter -->
<testsuite hostname="LAPTOP-19F1EONB" failures="0" tests="4" name="Com.TestCases.BookingPageTest" time="15.986" errors="0" timestamp="2024-04-12T19:48:20 IST" skipped="0">
  <testcase classname="Com.TestCases.BookingPageTest" name="VerifyBookingTitle" time="3.805"/>
  <testcase classname="Com.TestCases.BookingPageTest" name="VerifyLabelName" time="3.797"/>
  <testcase classname="Com.TestCases.BookingPageTest" name="BookingTestClick" time="3.952"/>
  <testcase classname="Com.TestCases.BookingPageTest" name="EnquiryPageTest" time="4.432"/>
</testsuite> <!-- Com.TestCases.BookingPageTest -->
