<?xml version="1.0" encoding="UTF-8"?>
<!-- Generated by org.testng.reporters.JUnitReportReporter -->
<testsuite hostname="LAPTOP-19F1EONB" failures="0" tests="3" name="Com.TestCases.LoginPageTest" time="15.354" errors="0" timestamp="2024-04-12T19:48:20 IST" skipped="0">
  <testcase classname="Com.TestCases.LoginPageTest" name="TitleTest" time="3.771"/>
  <testcase classname="Com.TestCases.LoginPageTest" name="LogoTest" time="3.149"/>
  <testcase classname="Com.TestCases.LoginPageTest" name="loginTest" time="8.434"/>
</testsuite> <!-- Com.TestCases.LoginPageTest -->
